# JRE version: OpenJDK Runtime Environment (17.0.6) (build 17.0.6+0-b2043.56-9586694)
# Java VM: OpenJDK 64-Bit Server VM (17.0.6+0-b2043.56-9586694, mixed mode, tiered, compressed oops, compressed class ptrs, g1 gc, windows-amd64)
GC Precious Log:
 CPUs: 4 total, 4 available
 Memory: 3470M
 Large Page Support: Disabled
 NUMA Support: Disabled
 Compressed Oops: Enabled (32-bit)
 Heap Region Size: 1M
 Heap Min Capacity: 8M
 Heap Initial Capacity: 56M
 Heap Max Capacity: 2G
 Pre-touch: Disabled
 Parallel Workers: 4
 Concurrent Workers: 1
 Concurrent Refinement Workers: 4
 Periodic GC: Disabled
Heap:
 garbage-first heap   total 307200K, used 114343K [0x0000000080000000, 0x0000000100000000)
  region size 1024K, 12 young (12288K), 12 survivors (12288K)
 Metaspace       used 46230K, committed 46656K, reserved 1089536K
  class space    used 6092K, committed 6272K, reserved 1048576K
GC Heap History (20 events):
Event: 38.562 GC heap after
{Heap after GC invocations=61 (full 0):
 garbage-first heap   total 307200K, used 104301K [0x0000000080000000, 0x0000000100000000)
  region size 1024K, 7 young (7168K), 7 survivors (7168K)
 Metaspace       used 46219K, committed 46656K, reserved 1089536K
  class space    used 6091K, committed 6272K, reserved 1048576K
}
Event: 39.197 GC heap before
{Heap before GC invocations=61 (full 0):
 garbage-first heap   total 307200K, used 268141K [0x0000000080000000, 0x0000000100000000)
  region size 1024K, 168 young (172032K), 7 survivors (7168K)
 Metaspace       used 46219K, committed 46656K, reserved 1089536K
  class space    used 6091K, committed 6272K, reserved 1048576K
}
Event: 39.211 GC heap after
{Heap after GC invocations=62 (full 0):
 garbage-first heap   total 307200K, used 105335K [0x0000000080000000, 0x0000000100000000)
  region size 1024K, 8 young (8192K), 8 survivors (8192K)
 Metaspace       used 46219K, committed 46656K, reserved 1089536K
  class space    used 6091K, committed 6272K, reserved 1048576K
}
Event: 40.287 GC heap before
{Heap before GC invocations=62 (full 0):
 garbage-first heap   total 307200K, used 267127K [0x0000000080000000, 0x0000000100000000)
  region size 1024K, 167 young (171008K), 8 survivors (8192K)
 Metaspace       used 46220K, committed 46656K, reserved 1089536K
  class space    used 6091K, committed 6272K, reserved 1048576K
}
Event: 40.300 GC heap after
{Heap after GC invocations=63 (full 0):
 garbage-first heap   total 307200K, used 106940K [0x0000000080000000, 0x0000000100000000)
  region size 1024K, 10 young (10240K), 10 survivors (10240K)
 Metaspace       used 46220K, committed 46656K, reserved 1089536K
  class space    used 6091K, committed 6272K, reserved 1048576K
}
Event: 40.651 GC heap before
{Heap before GC invocations=63 (full 0):
 garbage-first heap   total 307200K, used 265660K [0x0000000080000000, 0x0000000100000000)
  region size 1024K, 165 young (168960K), 10 survivors (10240K)
 Metaspace       used 46226K, committed 46656K, reserved 1089536K
  class space    used 6091K, committed 6272K, reserved 1048576K
}
Event: 40.666 GC heap after
{Heap after GC invocations=64 (full 0):
 garbage-first heap   total 307200K, used 106359K [0x0000000080000000, 0x0000000100000000)
  region size 1024K, 9 young (9216K), 9 survivors (9216K)
 Metaspace       used 46226K, committed 46656K, reserved 1089536K
  class space    used 6091K, committed 6272K, reserved 1048576K
}
Event: 40.989 GC heap before
{Heap before GC invocations=64 (full 0):
 garbage-first heap   total 307200K, used 267127K [0x0000000080000000, 0x0000000100000000)
  region size 1024K, 166 young (169984K), 9 survivors (9216K)
 Metaspace       used 46229K, committed 46656K, reserved 1089536K
  class space    used 6091K, committed 6272K, reserved 1048576K
}
Event: 41.001 GC heap after
{Heap after GC invocations=65 (full 0):
 garbage-first heap   total 307200K, used 107383K [0x0000000080000000, 0x0000000100000000)
  region size 1024K, 10 young (10240K), 10 survivors (10240K)
 Metaspace       used 46229K, committed 46656K, reserved 1089536K
  class space    used 6091K, committed 6272K, reserved 1048576K
}
Event: 41.425 GC heap before
{Heap before GC invocations=65 (full 0):
 garbage-first heap   total 307200K, used 266103K [0x0000000080000000, 0x0000000100000000)
  region size 1024K, 165 young (168960K), 10 survivors (10240K)
 Metaspace       used 46229K, committed 46656K, reserved 1089536K
  class space    used 6091K, committed 6272K, reserved 1048576K
}
Event: 41.438 GC heap after
{Heap after GC invocations=66 (full 0):
 garbage-first heap   total 307200K, used 108407K [0x0000000080000000, 0x0000000100000000)
  region size 1024K, 11 young (11264K), 11 survivors (11264K)
 Metaspace       used 46229K, committed 46656K, reserved 1089536K
  class space    used 6091K, committed 6272K, reserved 1048576K
}
Event: 42.245 GC heap before
{Heap before GC invocations=66 (full 0):
 garbage-first heap   total 307200K, used 265079K [0x0000000080000000, 0x0000000100000000)
  region size 1024K, 164 young (167936K), 11 survivors (11264K)
 Metaspace       used 46229K, committed 46656K, reserved 1089536K
  class space    used 6091K, committed 6272K, reserved 1048576K
}
Event: 42.259 GC heap after
{Heap after GC invocations=67 (full 0):
 garbage-first heap   total 307200K, used 109914K [0x0000000080000000, 0x0000000100000000)
  region size 1024K, 13 young (13312K), 13 survivors (13312K)
 Metaspace       used 46229K, committed 46656K, reserved 1089536K
  class space    used 6091K, committed 6272K, reserved 1048576K
}
Event: 42.954 GC heap before
{Heap before GC invocations=67 (full 0):
 garbage-first heap   total 307200K, used 262490K [0x0000000080000000, 0x0000000100000000)
  region size 1024K, 162 young (165888K), 13 survivors (13312K)
 Metaspace       used 46229K, committed 46656K, reserved 1089536K
  class space    used 6091K, committed 6272K, reserved 1048576K
}
Event: 43.011 GC heap after
{Heap after GC invocations=68 (full 0):
 garbage-first heap   total 307200K, used 110788K [0x0000000080000000, 0x0000000100000000)
  region size 1024K, 12 young (12288K), 12 survivors (12288K)
 Metaspace       used 46229K, committed 46656K, reserved 1089536K
  class space    used 6091K, committed 6272K, reserved 1048576K
}
Event: 43.652 GC heap before
{Heap before GC invocations=68 (full 0):
 garbage-first heap   total 307200K, used 263364K [0x0000000080000000, 0x0000000100000000)
  region size 1024K, 161 young (164864K), 12 survivors (12288K)
 Metaspace       used 46229K, committed 46656K, reserved 1089536K
  class space    used 6091K, committed 6272K, reserved 1048576K
}
Event: 43.667 GC heap after
{Heap after GC invocations=69 (full 0):
 garbage-first heap   total 307200K, used 111616K [0x0000000080000000, 0x0000000100000000)
  region size 1024K, 12 young (12288K), 12 survivors (12288K)
 Metaspace       used 46229K, committed 46656K, reserved 1089536K
  class space    used 6091K, committed 6272K, reserved 1048576K
}
Event: 44.292 GC heap before
{Heap before GC invocations=69 (full 0):
 garbage-first heap   total 307200K, used 264192K [0x0000000080000000, 0x0000000100000000)
  region size 1024K, 161 young (164864K), 12 survivors (12288K)
 Metaspace       used 46230K, committed 46656K, reserved 1089536K
  class space    used 6092K, committed 6272K, reserved 1048576K
}
Event: 44.330 GC heap after
{Heap after GC invocations=70 (full 0):
 garbage-first heap   total 307200K, used 113043K [0x0000000080000000, 0x0000000100000000)
  region size 1024K, 12 young (12288K), 12 survivors (12288K)
 Metaspace       used 46230K, committed 46656K, reserved 1089536K
  class space    used 6092K, committed 6272K, reserved 1048576K
}
Event: 44.814 GC heap before
{Heap before GC invocations=70 (full 0):
 garbage-first heap   total 307200K, used 263571K [0x0000000080000000, 0x0000000100000000)
  region size 1024K, 159 young (162816K), 12 survivors (12288K)
 Metaspace       used 46230K, committed 46656K, reserved 1089536K
  class space    used 6092K, committed 6272K, reserved 1048576K
}

