# JRE version: OpenJDK Runtime Environment (17.0.6) (build 17.0.6+0-b2043.56-9586694)
# Java VM: OpenJDK 64-Bit Server VM (17.0.6+0-b2043.56-9586694, mixed mode, tiered, compressed oops, compressed class ptrs, g1 gc, windows-amd64)
GC Precious Log:
 CPUs: 4 total, 4 available
 Memory: 3470M
 Large Page Support: Disabled
 NUMA Support: Disabled
 Compressed Oops: Enabled (32-bit)
 Heap Region Size: 1M
 Heap Min Capacity: 8M
 Heap Initial Capacity: 56M
 Heap Max Capacity: 2G
 Pre-touch: Disabled
 Parallel Workers: 4
 Concurrent Workers: 1
 Concurrent Refinement Workers: 4
 Periodic GC: Disabled
Heap:
 garbage-first heap   total 353280K, used 108920K [0x0000000080000000, 0x0000000100000000)
  region size 1024K, 18 young (18432K), 7 survivors (7168K)
 Metaspace       used 46149K, committed 46592K, reserved 1089536K
  class space    used 6087K, committed 6272K, reserved 1048576K
GC Heap History (20 events):
Event: 19.586 GC heap before
{Heap before GC invocations=58 (full 0):
 garbage-first heap   total 293888K, used 250297K [0x0000000080000000, 0x0000000100000000)
  region size 1024K, 160 young (163840K), 13 survivors (13312K)
 Metaspace       used 46130K, committed 46528K, reserved 1089536K
  class space    used 6086K, committed 6272K, reserved 1048576K
}
Event: 19.605 GC heap after
{Heap after GC invocations=59 (full 0):
 garbage-first heap   total 293888K, used 101293K [0x0000000080000000, 0x0000000100000000)
  region size 1024K, 12 young (12288K), 12 survivors (12288K)
 Metaspace       used 46130K, committed 46528K, reserved 1089536K
  class space    used 6086K, committed 6272K, reserved 1048576K
}
Event: 20.131 GC heap before
{Heap before GC invocations=60 (full 0):
 garbage-first heap   total 293888K, used 251821K [0x0000000080000000, 0x0000000100000000)
  region size 1024K, 159 young (162816K), 12 survivors (12288K)
 Metaspace       used 46130K, committed 46528K, reserved 1089536K
  class space    used 6086K, committed 6272K, reserved 1048576K
}
Event: 20.151 GC heap after
{Heap after GC invocations=61 (full 0):
 garbage-first heap   total 293888K, used 102690K [0x0000000080000000, 0x0000000100000000)
  region size 1024K, 12 young (12288K), 12 survivors (12288K)
 Metaspace       used 46130K, committed 46528K, reserved 1089536K
  class space    used 6086K, committed 6272K, reserved 1048576K
}
Event: 20.187 GC heap before
{Heap before GC invocations=61 (full 0):
 garbage-first heap   total 293888K, used 112930K [0x0000000080000000, 0x0000000100000000)
  region size 1024K, 23 young (23552K), 12 survivors (12288K)
 Metaspace       used 46130K, committed 46528K, reserved 1089536K
  class space    used 6086K, committed 6272K, reserved 1048576K
}
Event: 20.199 GC heap after
{Heap after GC invocations=62 (full 0):
 garbage-first heap   total 293888K, used 102992K [0x0000000080000000, 0x0000000100000000)
  region size 1024K, 11 young (11264K), 11 survivors (11264K)
 Metaspace       used 46130K, committed 46528K, reserved 1089536K
  class space    used 6086K, committed 6272K, reserved 1048576K
}
Event: 20.878 GC heap before
{Heap before GC invocations=63 (full 0):
 garbage-first heap   total 293888K, used 254544K [0x0000000080000000, 0x0000000100000000)
  region size 1024K, 157 young (160768K), 11 survivors (11264K)
 Metaspace       used 46144K, committed 46592K, reserved 1089536K
  class space    used 6087K, committed 6272K, reserved 1048576K
}
Event: 20.889 GC heap after
{Heap after GC invocations=64 (full 0):
 garbage-first heap   total 293888K, used 98380K [0x0000000080000000, 0x0000000100000000)
  region size 1024K, 10 young (10240K), 10 survivors (10240K)
 Metaspace       used 46144K, committed 46592K, reserved 1089536K
  class space    used 6087K, committed 6272K, reserved 1048576K
}
Event: 21.600 GC heap before
{Heap before GC invocations=64 (full 0):
 garbage-first heap   total 293888K, used 253004K [0x0000000080000000, 0x0000000100000000)
  region size 1024K, 161 young (164864K), 10 survivors (10240K)
 Metaspace       used 46145K, committed 46592K, reserved 1089536K
  class space    used 6087K, committed 6272K, reserved 1048576K
}
Event: 21.614 GC heap after
{Heap after GC invocations=65 (full 0):
 garbage-first heap   total 353280K, used 99340K [0x0000000080000000, 0x0000000100000000)
  region size 1024K, 11 young (11264K), 11 survivors (11264K)
 Metaspace       used 46145K, committed 46592K, reserved 1089536K
  class space    used 6087K, committed 6272K, reserved 1048576K
}
Event: 23.125 GC heap before
{Heap before GC invocations=66 (full 0):
 garbage-first heap   total 353280K, used 303116K [0x0000000080000000, 0x0000000100000000)
  region size 1024K, 207 young (211968K), 11 survivors (11264K)
 Metaspace       used 46148K, committed 46592K, reserved 1089536K
  class space    used 6087K, committed 6272K, reserved 1048576K
}
Event: 23.140 GC heap after
{Heap after GC invocations=67 (full 0):
 garbage-first heap   total 353280K, used 94268K [0x0000000080000000, 0x0000000100000000)
  region size 1024K, 9 young (9216K), 9 survivors (9216K)
 Metaspace       used 46148K, committed 46592K, reserved 1089536K
  class space    used 6087K, committed 6272K, reserved 1048576K
}
Event: 23.202 GC heap before
{Heap before GC invocations=67 (full 0):
 garbage-first heap   total 353280K, used 101436K [0x0000000080000000, 0x0000000100000000)
  region size 1024K, 17 young (17408K), 9 survivors (9216K)
 Metaspace       used 46148K, committed 46592K, reserved 1089536K
  class space    used 6087K, committed 6272K, reserved 1048576K
}
Event: 23.216 GC heap after
{Heap after GC invocations=68 (full 0):
 garbage-first heap   total 353280K, used 93604K [0x0000000080000000, 0x0000000100000000)
  region size 1024K, 2 young (2048K), 2 survivors (2048K)
 Metaspace       used 46148K, committed 46592K, reserved 1089536K
  class space    used 6087K, committed 6272K, reserved 1048576K
}
Event: 24.426 GC heap before
{Heap before GC invocations=68 (full 0):
 garbage-first heap   total 353280K, used 303524K [0x0000000080000000, 0x0000000100000000)
  region size 1024K, 207 young (211968K), 2 survivors (2048K)
 Metaspace       used 46149K, committed 46592K, reserved 1089536K
  class space    used 6087K, committed 6272K, reserved 1048576K
}
Event: 24.430 GC heap after
{Heap after GC invocations=69 (full 0):
 garbage-first heap   total 353280K, used 94224K [0x0000000080000000, 0x0000000100000000)
  region size 1024K, 2 young (2048K), 2 survivors (2048K)
 Metaspace       used 46149K, committed 46592K, reserved 1089536K
  class space    used 6087K, committed 6272K, reserved 1048576K
}
Event: 26.009 GC heap before
{Heap before GC invocations=69 (full 0):
 garbage-first heap   total 353280K, used 309264K [0x0000000080000000, 0x0000000100000000)
  region size 1024K, 207 young (211968K), 2 survivors (2048K)
 Metaspace       used 46149K, committed 46592K, reserved 1089536K
  class space    used 6087K, committed 6272K, reserved 1048576K
}
Event: 26.018 GC heap after
{Heap after GC invocations=70 (full 0):
 garbage-first heap   total 353280K, used 96466K [0x0000000080000000, 0x0000000100000000)
  region size 1024K, 5 young (5120K), 5 survivors (5120K)
 Metaspace       used 46149K, committed 46592K, reserved 1089536K
  class space    used 6087K, committed 6272K, reserved 1048576K
}
Event: 27.550 GC heap before
{Heap before GC invocations=70 (full 0):
 garbage-first heap   total 353280K, used 312530K [0x0000000080000000, 0x0000000100000000)
  region size 1024K, 207 young (211968K), 5 survivors (5120K)
 Metaspace       used 46149K, committed 46592K, reserved 1089536K
  class space    used 6087K, committed 6272K, reserved 1048576K
}
Event: 27.559 GC heap after
{Heap after GC invocations=71 (full 0):
 garbage-first heap   total 353280K, used 98680K [0x0000000080000000, 0x0000000100000000)
  region size 1024K, 7 young (7168K), 7 survivors (7168K)
 Metaspace       used 46149K, committed 46592K, reserved 1089536K
  class space    used 6087K, committed 6272K, reserved 1048576K
}

